<?xml version="1.0" encoding="UTF-8"?>
<!-- Generated by org.testng.reporters.JUnitXMLReporter -->
<testsuite ignored="0" hostname="LAPTOP-KTHHIK5G" failures="0" tests="3" name="Default test" time="18.006" errors="0" timestamp="2026-04-17T16:12:09 IST">
  <testcase classname="com.TestNG.Selenium.DemoBlaze" name="validation" time="2.664"/>
  <testcase classname="com.TestNG.Selenium.DemoBlaze" name="invaliduser" time="1.539"/>
  <testcase classname="com.TestNG.Selenium.DemoBlaze" name="invalidpassword" time="1.551"/>
</testsuite> <!-- Default test -->
