<?xml version="1.0" encoding="UTF-8"?>
<!-- Generated by org.testng.reporters.JUnitXMLReporter -->
<testsuite ignored="0" hostname="LAPTOP-KTHHIK5G" failures="0" tests="3" name="ChromeTest" time="13.081" errors="0" timestamp="2026-04-20T16:17:18 IST">
  <testcase classname="com.TestNG.Selenium.DemoBlazeDP" name="invalidLoginTest" time="1.865"/>
  <testcase classname="com.TestNG.Selenium.DemoBlazeDP" name="invalidLoginTest" time="1.788"/>
  <testcase classname="com.TestNG.Selenium.DemoBlazeDP" name="validLoginTest" time="2.625"/>
</testsuite> <!-- ChromeTest -->
