<?xml version="1.0" encoding="UTF-8"?>
<testng-results ignored="0" total="3" passed="3" failed="0" skipped="0">
  <reporter-output>
  </reporter-output>
  <suite started-at="2026-04-20T15:57:42 IST" name="Suite" finished-at="2026-04-20T15:57:53 IST" duration-ms="11237">
    <groups>
    </groups>
    <test started-at="2026-04-20T15:57:42 IST" name="ChromeTest" finished-at="2026-04-20T15:57:53 IST" duration-ms="11237">
      <class name="com.TestNG.Selenium.DemoBlazeDP">
        <test-method is-config="true" signature="setup(java.lang.String)[pri:0, instance:com.TestNG.Selenium.DemoBlazeDP@7586beff]" started-at="2026-04-20T15:57:42 IST" name="setup" finished-at="2026-04-20T15:57:44 IST" duration-ms="2315" status="PASS">
          <params>
            <param index="0">
              <value>
                <![CDATA[chrome]]>
              </value>
            </param>
          </params>
          <reporter-output>
          </reporter-output>
        </test-method> <!-- setup -->
        <test-method signature="invalidLoginTest(java.lang.String,java.lang.String,java.lang.String)[pri:0, instance:com.TestNG.Selenium.DemoBlazeDP@7586beff]" started-at="2026-04-20T15:57:44 IST" name="invalidLoginTest" data-provider="invalidData" finished-at="2026-04-20T15:57:45 IST" duration-ms="1399" status="PASS">
          <params>
            <param index="0">
              <value>
                <![CDATA[*sk]]>
              </value>
            </param>
            <param index="1">
              <value>
                <![CDATA[Sow@911!]]>
              </value>
            </param>
            <param index="2">
              <value>
                <![CDATA[User does not exist.]]>
              </value>
            </param>
          </params>
          <reporter-output>
          </reporter-output>
        </test-method> <!-- invalidLoginTest -->
        <test-method is-config="true" signature="tearDown()[pri:0, instance:com.TestNG.Selenium.DemoBlazeDP@7586beff]" started-at="2026-04-20T15:57:45 IST" name="tearDown" finished-at="2026-04-20T15:57:46 IST" duration-ms="153" status="PASS">
          <reporter-output>
          </reporter-output>
        </test-method> <!-- tearDown -->
        <test-method is-config="true" signature="setup(java.lang.String)[pri:0, instance:com.TestNG.Selenium.DemoBlazeDP@7586beff]" started-at="2026-04-20T15:57:46 IST" name="setup" finished-at="2026-04-20T15:57:47 IST" duration-ms="1524" status="PASS">
          <params>
            <param index="0">
              <value>
                <![CDATA[chrome]]>
              </value>
            </param>
          </params>
          <reporter-output>
          </reporter-output>
        </test-method> <!-- setup -->
        <test-method signature="invalidLoginTest(java.lang.String,java.lang.String,java.lang.String)[pri:0, instance:com.TestNG.Selenium.DemoBlazeDP@7586beff]" started-at="2026-04-20T15:57:47 IST" name="invalidLoginTest" data-provider="invalidData" finished-at="2026-04-20T15:57:48 IST" duration-ms="1421" status="PASS">
          <params>
            <param index="0">
              <value>
                <![CDATA[sowndariya]]>
              </value>
            </param>
            <param index="1">
              <value>
                <![CDATA[sow@911]]>
              </value>
            </param>
            <param index="2">
              <value>
                <![CDATA[Wrong password.]]>
              </value>
            </param>
          </params>
          <reporter-output>
          </reporter-output>
        </test-method> <!-- invalidLoginTest -->
        <test-method is-config="true" signature="tearDown()[pri:0, instance:com.TestNG.Selenium.DemoBlazeDP@7586beff]" started-at="2026-04-20T15:57:48 IST" name="tearDown" finished-at="2026-04-20T15:57:49 IST" duration-ms="153" status="PASS">
          <reporter-output>
          </reporter-output>
        </test-method> <!-- tearDown -->
        <test-method is-config="true" signature="setup(java.lang.String)[pri:0, instance:com.TestNG.Selenium.DemoBlazeDP@7586beff]" started-at="2026-04-20T15:57:49 IST" name="setup" finished-at="2026-04-20T15:57:51 IST" duration-ms="2004" status="PASS">
          <params>
            <param index="0">
              <value>
                <![CDATA[chrome]]>
              </value>
            </param>
          </params>
          <reporter-output>
          </reporter-output>
        </test-method> <!-- setup -->
        <test-method signature="validLoginTest(java.lang.String,java.lang.String)[pri:0, instance:com.TestNG.Selenium.DemoBlazeDP@7586beff]" started-at="2026-04-20T15:57:51 IST" name="validLoginTest" data-provider="validData" finished-at="2026-04-20T15:57:53 IST" duration-ms="2028" status="PASS">
          <params>
            <param index="0">
              <value>
                <![CDATA[sowndariya]]>
              </value>
            </param>
            <param index="1">
              <value>
                <![CDATA[Sow@911!]]>
              </value>
            </param>
          </params>
          <reporter-output>
          </reporter-output>
        </test-method> <!-- validLoginTest -->
        <test-method is-config="true" signature="tearDown()[pri:0, instance:com.TestNG.Selenium.DemoBlazeDP@7586beff]" started-at="2026-04-20T15:57:53 IST" name="tearDown" finished-at="2026-04-20T15:57:53 IST" duration-ms="202" status="PASS">
          <reporter-output>
          </reporter-output>
        </test-method> <!-- tearDown -->
      </class> <!-- com.TestNG.Selenium.DemoBlazeDP -->
    </test> <!-- ChromeTest -->
  </suite> <!-- Suite -->
</testng-results>
