<?xml version="1.0" encoding="UTF-8"?>
<!-- Generated by org.testng.reporters.JUnitReportReporter -->
<testsuite hostname="LAPTOP-KTHHIK5G" failures="0" tests="3" name="com.TestNG.Selenium.TestNGParameter" time="15.641" errors="0" timestamp="2026-04-20T14:46:43 IST" skipped="0">
  <testcase classname="com.TestNG.Selenium.TestNGParameter" name="loginTest" time="4.361"/>
  <testcase classname="com.TestNG.Selenium.TestNGParameter" name="loginTest" time="4.385"/>
  <testcase classname="com.TestNG.Selenium.TestNGParameter" name="loginTest" time="6.895"/>
</testsuite> <!-- com.TestNG.Selenium.TestNGParameter -->
