<?xml version="1.0" encoding="UTF-8"?>
<!-- Generated by org.testng.reporters.JUnitReportReporter -->
<testsuite hostname="LAPTOP-KTHHIK5G" failures="0" tests="2" name="com.TestNG.Selenium.dataProviderDemo1" time="7.669" errors="0" timestamp="2026-04-20T14:56:01 IST" skipped="0">
  <testcase classname="com.TestNG.Selenium.dataProviderDemo1" name="search" time="2.349"/>
  <testcase classname="com.TestNG.Selenium.dataProviderDemo1" name="search" time="5.320"/>
</testsuite> <!-- com.TestNG.Selenium.dataProviderDemo1 -->
