<?xml version="1.0" encoding="UTF-8"?>
<!-- Generated by org.testng.reporters.JUnitReportReporter -->
<testsuite hostname="LAPTOP-KTHHIK5G" failures="0" tests="3" name="com.TestNG.Selenium.DemoBlaze" time="17.956" errors="0" timestamp="2026-04-17T16:12:09 IST" skipped="0">
  <testcase classname="com.TestNG.Selenium.DemoBlaze" name="invaliduser" time="5.952"/>
  <testcase classname="com.TestNG.Selenium.DemoBlaze" name="validation" time="7.043"/>
  <testcase classname="com.TestNG.Selenium.DemoBlaze" name="invalidpassword" time="4.961"/>
</testsuite> <!-- com.TestNG.Selenium.DemoBlaze -->
