<?xml version="1.0" encoding="UTF-8"?>
<!-- Generated by org.testng.reporters.JUnitReportReporter -->
<testsuite hostname="LAPTOP-KTHHIK5G" failures="0" tests="4" name="com.TestNG.Selenium.NewTest" time="0.671" errors="0" timestamp="2026-04-16T14:50:15 IST" skipped="0">
  <testcase classname="com.TestNG.Selenium.NewTest" name="b" time="0.001"/>
  <testcase classname="com.TestNG.Selenium.NewTest" name="c" time="0.001"/>
  <testcase classname="com.TestNG.Selenium.NewTest" name="a" time="0.006"/>
  <testcase classname="com.TestNG.Selenium.NewTest" name="validation" time="0.663"/>
</testsuite> <!-- com.TestNG.Selenium.NewTest -->
