<?xml version="1.0" encoding="UTF-8"?>
<!-- Generated by org.testng.reporters.JUnitReportReporter -->
<testsuite hostname="LAPTOP-KTHHIK5G" failures="0" tests="3" name="com.TestNG.Selenium.DemoBlazeDP" time="13.040" errors="0" timestamp="2026-04-20T16:17:18 IST" skipped="0">
  <testcase classname="com.TestNG.Selenium.DemoBlazeDP" name="validLoginTest" time="5.511"/>
  <testcase classname="com.TestNG.Selenium.DemoBlazeDP" name="invalidLoginTest" time="3.553"/>
  <testcase classname="com.TestNG.Selenium.DemoBlazeDP" name="invalidLoginTest" time="3.976"/>
</testsuite> <!-- com.TestNG.Selenium.DemoBlazeDP -->
