<?xml version="1.0" encoding="UTF-8"?>
<!-- Generated by org.testng.reporters.JUnitReportReporter -->
<testsuite hostname="LAPTOP-KTHHIK5G" failures="0" tests="4" name="com.TestNG.Selenium.NewTest" time="0.494" errors="0" timestamp="2026-04-17T06:18:39 IST" skipped="0">
  <testcase classname="com.TestNG.Selenium.NewTest" name="b" time="0.001"/>
  <testcase classname="com.TestNG.Selenium.NewTest" name="a" time="0.009"/>
  <testcase classname="com.TestNG.Selenium.NewTest" name="c" time="0.001"/>
  <testcase classname="com.TestNG.Selenium.NewTest" name="validation" time="0.483"/>
</testsuite> <!-- com.TestNG.Selenium.NewTest -->
