<?xml version="1.0" encoding="UTF-8"?>
<!-- Generated by org.testng.reporters.JUnitReportReporter -->
<testsuite hostname="LAPTOP-KTHHIK5G" failures="0" tests="3" name="com.TestNG.Selenium.DemoBlaze" time="10.860" errors="2" timestamp="2026-04-20T15:26:45 IST" skipped="1">
  <testcase classname="com.TestNG.Selenium.DemoBlaze" name="invaliduser" time="3.984">
    <skipped/>
  </testcase> <!-- invaliduser -->
  <testcase classname="com.TestNG.Selenium.DemoBlaze" name="validation" time="5.453">
    <error message="Error communicating with the remote browser. It may have died.
Build info: version: &#039;4.43.0&#039;, revision: &#039;dd0f534&#039;
System info: os.name: &#039;Windows 11&#039;, os.arch: &#039;amd64&#039;, os.version: &#039;10.0&#039;, java.version: &#039;21.0.7&#039;
Driver info: org.openqa.selenium.chrome.ChromeDriver
Command: [8e14842b3a1b9ce4eab6e43781f1401c, findElement [value, using]]
Capabilities {acceptInsecureCerts: false, browserName: chrome, browserVersion: 147.0.7727.57, chrome: {chromedriverVersion: 147.0.7727.57 (b4f28b5637d0..., userDataDir: C:\Users\SOWNDA~1\AppData\L...}, fedcm:accounts: true, goog:chromeOptions: {debuggerAddress: localhost:57944}, goog:processID: 17648, networkConnectionEnabled: false, pageLoadStrategy: normal, platformName: windows, proxy: Proxy(), se:cdp: ws://localhost:57944/devtoo..., se:cdpVersion: 147.0.7727.57, setWindowRect: true, strictFileInteractability: false, timeouts: {implicit: 0, pageLoad: 300000, script: 30000}, unhandledPromptBehavior: dismiss and notify, webauthn:extension:credBlob: true, webauthn:extension:largeBlob: true, webauthn:extension:minPinLength: true, webauthn:extension:prf: true, webauthn:virtualAuthenticators: true}" type="org.openqa.selenium.remote.UnreachableBrowserException">
      <![CDATA[org.openqa.selenium.remote.UnreachableBrowserException: Error communicating with the remote browser. It may have died.
Build info: version: '4.43.0', revision: 'dd0f534'
System info: os.name: 'Windows 11', os.arch: 'amd64', os.version: '10.0', java.version: '21.0.7'
Driver info: org.openqa.selenium.chrome.ChromeDriver
Command: [8e14842b3a1b9ce4eab6e43781f1401c, findElement [value, using]]
Capabilities {acceptInsecureCerts: false, browserName: chrome, browserVersion: 147.0.7727.57, chrome: {chromedriverVersion: 147.0.7727.57 (b4f28b5637d0..., userDataDir: C:\Users\SOWNDA~1\AppData\L...}, fedcm:accounts: true, goog:chromeOptions: {debuggerAddress: localhost:57944}, goog:processID: 17648, networkConnectionEnabled: false, pageLoadStrategy: normal, platformName: windows, proxy: Proxy(), se:cdp: ws://localhost:57944/devtoo..., se:cdpVersion: 147.0.7727.57, setWindowRect: true, strictFileInteractability: false, timeouts: {implicit: 0, pageLoad: 300000, script: 30000}, unhandledPromptBehavior: dismiss and notify, webauthn:extension:credBlob: true, webauthn:extension:largeBlob: true, webauthn:extension:minPinLength: true, webauthn:extension:prf: true, webauthn:virtualAuthenticators: true}
at org.openqa.selenium.remote.RemoteWebDriver.execute(RemoteWebDriver.java:642)
at org.openqa.selenium.remote.ElementLocation$ElementFinder$2.findElement(ElementLocation.java:166)
at org.openqa.selenium.remote.ElementLocation.findElement(ElementLocation.java:60)
at org.openqa.selenium.remote.RemoteWebDriver.findElement(RemoteWebDriver.java:429)
at org.openqa.selenium.remote.RemoteWebDriver.findElement(RemoteWebDriver.java:423)
at com.TestNG.Selenium.DemoBlaze.validation(DemoBlaze.java:39)
at java.base/jdk.internal.reflect.DirectMethodHandleAccessor.invoke(DirectMethodHandleAccessor.java:103)
at java.base/java.lang.reflect.Method.invoke(Method.java:580)
at org.testng.internal.invokers.MethodInvocationHelper.invokeMethod(MethodInvocationHelper.java:141)
at org.testng.internal.invokers.TestInvoker.invokeMethod(TestInvoker.java:697)
at org.testng.internal.invokers.TestInvoker.invokeTestMethod(TestInvoker.java:230)
at org.testng.internal.invokers.MethodRunner.runInSequence(MethodRunner.java:63)
at org.testng.internal.invokers.TestInvoker$MethodInvocationAgent.invoke(TestInvoker.java:1005)
at org.testng.internal.invokers.TestInvoker.invokeTestMethods(TestInvoker.java:203)
at org.testng.internal.invokers.TestMethodWorker.invokeTestMethods(TestMethodWorker.java:154)
at org.testng.internal.invokers.TestMethodWorker.run(TestMethodWorker.java:134)
at java.base/java.util.concurrent.Executors$RunnableAdapter.call(Executors.java:572)
at java.base/java.util.concurrent.FutureTask.run(FutureTask.java:317)
at org.testng.internal.thread.graph.TestNGFutureTask.run(TestNGFutureTask.java:22)
at java.base/java.util.concurrent.ThreadPoolExecutor.runWorker(ThreadPoolExecutor.java:1144)
at java.base/java.util.concurrent.ThreadPoolExecutor$Worker.run(ThreadPoolExecutor.java:642)
at java.base/java.lang.Thread.run(Thread.java:1583)
Caused by: java.io.UncheckedIOException: Failed to execute request (POST http://localhost:13992/session/8e14842b3a1b9ce4eab6e43781f1401c/element)
at org.openqa.selenium.remote.http.jdk.JdkHttpClient.execute0(JdkHttpClient.java:491)
at org.openqa.selenium.remote.http.AddSeleniumUserAgent.lambda$apply$0(AddSeleniumUserAgent.java:44)
at org.openqa.selenium.remote.http.Filter.lambda$andFinally$0(Filter.java:55)
at org.openqa.selenium.remote.http.jdk.JdkHttpClient.lambda$executeAsync$0(JdkHttpClient.java:389)
at java.base/java.util.concurrent.Executors$RunnableAdapter.call(Executors.java:572)
at java.base/java.util.concurrent.FutureTask.run(FutureTask.java:317)
... 3 more
Caused by: java.io.IOException: Task jdk.internal.net.http.common.SequentialScheduler$SchedulableTask@2b7fbac6 rejected from java.util.concurrent.ThreadPoolExecutor@73879134[Shutting down, pool size = 2, active threads = 2, queued tasks = 0, completed tasks = 64]
at java.net.http/jdk.internal.net.http.HttpClientImpl.send(HttpClientImpl.java:969)
at java.net.http/jdk.internal.net.http.HttpClientFacade.send(HttpClientFacade.java:133)
at org.openqa.selenium.remote.http.jdk.JdkHttpClient.execute0(JdkHttpClient.java:463)
... 8 more
Caused by: java.util.concurrent.RejectedExecutionException: Task jdk.internal.net.http.common.SequentialScheduler$SchedulableTask@2b7fbac6 rejected from java.util.concurrent.ThreadPoolExecutor@73879134[Shutting down, pool size = 2, active threads = 2, queued tasks = 0, completed tasks = 64]
at java.base/java.util.concurrent.ThreadPoolExecutor$AbortPolicy.rejectedExecution(ThreadPoolExecutor.java:2081)
at java.base/java.util.concurrent.ThreadPoolExecutor.reject(ThreadPoolExecutor.java:841)
at java.base/java.util.concurrent.ThreadPoolExecutor.execute(ThreadPoolExecutor.java:1376)
at java.net.http/jdk.internal.net.http.HttpClientImpl$DelegatingExecutor.ensureExecutedAsync(HttpClientImpl.java:183)
at java.net.http/jdk.internal.net.http.HttpClientImpl$DelegatingExecutor.execute(HttpClientImpl.java:175)
at java.net.http/jdk.internal.net.http.common.SequentialScheduler.runOrSchedule(SequentialScheduler.java:282)
at java.net.http/jdk.internal.net.http.common.SequentialScheduler.runOrSchedule(SequentialScheduler.java:251)
at java.net.http/jdk.internal.net.http.Http1AsyncReceiver.onReadError(Http1AsyncReceiver.java:516)
at java.net.http/jdk.internal.net.http.Http1AsyncReceiver$Http1TubeSubscriber.onComplete(Http1AsyncReceiver.java:601)
at java.net.http/jdk.internal.net.http.SocketTube$InternalReadPublisher$ReadSubscription.signalCompletion(SocketTube.java:648)
at java.net.http/jdk.internal.net.http.SocketTube$InternalReadPublisher$InternalReadSubscription.read(SocketTube.java:853)
at java.net.http/jdk.internal.net.http.SocketTube$SocketFlowTask.run(SocketTube.java:181)
at java.net.http/jdk.internal.net.http.common.SequentialScheduler$SchedulableTask.run(SequentialScheduler.java:207)
at java.net.http/jdk.internal.net.http.common.SequentialScheduler.runOrSchedule(SequentialScheduler.java:280)
at java.net.http/jdk.internal.net.http.common.SequentialScheduler.runOrSchedule(SequentialScheduler.java:233)
at java.net.http/jdk.internal.net.http.SocketTube$InternalReadPublisher$InternalReadSubscription.signalReadable(SocketTube.java:782)
at java.net.http/jdk.internal.net.http.SocketTube$InternalReadPublisher$ReadEvent.signalEvent(SocketTube.java:965)
at java.net.http/jdk.internal.net.http.SocketTube$SocketFlowEvent.handle(SocketTube.java:253)
at java.net.http/jdk.internal.net.http.HttpClientImpl$SelectorManager.handleEvent(HttpClientImpl.java:1470)
at java.net.http/jdk.internal.net.http.HttpClientImpl$SelectorManager.lambda$run$3(HttpClientImpl.java:1415)
at java.base/java.util.ArrayList.forEach(ArrayList.java:1596)
at java.net.http/jdk.internal.net.http.HttpClientImpl$SelectorManager.run(HttpClientImpl.java:1415)
]]>
    </error>
  </testcase> <!-- validation -->
  <testcase classname="com.TestNG.Selenium.DemoBlaze" name="invalidpassword" time="1.423">
    <error message="element click intercepted: Element &lt;a class=&quot;nav-link&quot; href=&quot;#&quot; id=&quot;login2&quot; data-toggle=&quot;modal&quot; data-target=&quot;#logInModal&quot; style=&quot;display: block;&quot;&gt;...&lt;/a&gt; is not clickable at point (901, 37). Other element would receive the click: &lt;div class=&quot;modal fade show&quot; id=&quot;logInModal&quot; tabindex=&quot;-1&quot; role=&quot;dialog&quot; aria-labelledby=&quot;logInModalLabel&quot; style=&quot;display: block;&quot;&gt;...&lt;/div&gt;
  (Session info: chrome=147.0.7727.57)
Build info: version: &#039;4.43.0&#039;, revision: &#039;dd0f534&#039;
System info: os.name: &#039;Windows 11&#039;, os.arch: &#039;amd64&#039;, os.version: &#039;10.0&#039;, java.version: &#039;21.0.7&#039;
Driver info: org.openqa.selenium.chrome.ChromeDriver
Command: [8e14842b3a1b9ce4eab6e43781f1401c, clickElement {id=f.C3144101CF984D3EBF6C7948254BC8BF.d.BE07D7B4D72C49B189ADBA7E7968AA33.e.111}]
Capabilities {acceptInsecureCerts: false, browserName: chrome, browserVersion: 147.0.7727.57, chrome: {chromedriverVersion: 147.0.7727.57 (b4f28b5637d0..., userDataDir: C:\Users\SOWNDA~1\AppData\L...}, fedcm:accounts: true, goog:chromeOptions: {debuggerAddress: localhost:57944}, goog:processID: 17648, networkConnectionEnabled: false, pageLoadStrategy: normal, platformName: windows, proxy: Proxy(), se:cdp: ws://localhost:57944/devtoo..., se:cdpVersion: 147.0.7727.57, setWindowRect: true, strictFileInteractability: false, timeouts: {implicit: 0, pageLoad: 300000, script: 30000}, unhandledPromptBehavior: dismiss and notify, webauthn:extension:credBlob: true, webauthn:extension:largeBlob: true, webauthn:extension:minPinLength: true, webauthn:extension:prf: true, webauthn:virtualAuthenticators: true}
Element: [[ChromeDriver: chrome on windows (8e14842b3a1b9ce4eab6e43781f1401c)] -&gt; id: login2]
Session ID: 8e14842b3a1b9ce4eab6e43781f1401c" type="org.openqa.selenium.ElementClickInterceptedException">
      <![CDATA[org.openqa.selenium.ElementClickInterceptedException: element click intercepted: Element <a class="nav-link" href="#" id="login2" data-toggle="modal" data-target="#logInModal" style="display: block;">...</a> is not clickable at point (901, 37). Other element would receive the click: <div class="modal fade show" id="logInModal" tabindex="-1" role="dialog" aria-labelledby="logInModalLabel" style="display: block;">...</div>
  (Session info: chrome=147.0.7727.57)
Build info: version: '4.43.0', revision: 'dd0f534'
System info: os.name: 'Windows 11', os.arch: 'amd64', os.version: '10.0', java.version: '21.0.7'
Driver info: org.openqa.selenium.chrome.ChromeDriver
Command: [8e14842b3a1b9ce4eab6e43781f1401c, clickElement {id=f.C3144101CF984D3EBF6C7948254BC8BF.d.BE07D7B4D72C49B189ADBA7E7968AA33.e.111}]
Capabilities {acceptInsecureCerts: false, browserName: chrome, browserVersion: 147.0.7727.57, chrome: {chromedriverVersion: 147.0.7727.57 (b4f28b5637d0..., userDataDir: C:\Users\SOWNDA~1\AppData\L...}, fedcm:accounts: true, goog:chromeOptions: {debuggerAddress: localhost:57944}, goog:processID: 17648, networkConnectionEnabled: false, pageLoadStrategy: normal, platformName: windows, proxy: Proxy(), se:cdp: ws://localhost:57944/devtoo..., se:cdpVersion: 147.0.7727.57, setWindowRect: true, strictFileInteractability: false, timeouts: {implicit: 0, pageLoad: 300000, script: 30000}, unhandledPromptBehavior: dismiss and notify, webauthn:extension:credBlob: true, webauthn:extension:largeBlob: true, webauthn:extension:minPinLength: true, webauthn:extension:prf: true, webauthn:virtualAuthenticators: true}
Element: [[ChromeDriver: chrome on windows (8e14842b3a1b9ce4eab6e43781f1401c)] -> id: login2]
Session ID: 8e14842b3a1b9ce4eab6e43781f1401c
at org.openqa.selenium.remote.ErrorCodec.decode(ErrorCodec.java:169)
at org.openqa.selenium.remote.codec.w3c.W3CHttpResponseCodec.decode(W3CHttpResponseCodec.java:142)
at org.openqa.selenium.remote.codec.w3c.W3CHttpResponseCodec.decode(W3CHttpResponseCodec.java:49)
at org.openqa.selenium.remote.HttpCommandExecutor.execute(HttpCommandExecutor.java:223)
at org.openqa.selenium.remote.service.DriverCommandExecutor.invokeExecute(DriverCommandExecutor.java:216)
at org.openqa.selenium.remote.service.DriverCommandExecutor.execute(DriverCommandExecutor.java:174)
at org.openqa.selenium.remote.RemoteWebDriver.execute(RemoteWebDriver.java:606)
at org.openqa.selenium.remote.RemoteWebElement.execute(RemoteWebElement.java:223)
at org.openqa.selenium.remote.RemoteWebElement.click(RemoteWebElement.java:76)
at com.TestNG.Selenium.DemoBlaze.invalidpassword(DemoBlaze.java:71)
at java.base/jdk.internal.reflect.DirectMethodHandleAccessor.invoke(DirectMethodHandleAccessor.java:103)
at java.base/java.lang.reflect.Method.invoke(Method.java:580)
at org.testng.internal.invokers.MethodInvocationHelper.invokeMethod(MethodInvocationHelper.java:141)
at org.testng.internal.invokers.TestInvoker.invokeMethod(TestInvoker.java:697)
at org.testng.internal.invokers.TestInvoker.invokeTestMethod(TestInvoker.java:230)
at org.testng.internal.invokers.MethodRunner.runInSequence(MethodRunner.java:63)
at org.testng.internal.invokers.TestInvoker$MethodInvocationAgent.invoke(TestInvoker.java:1005)
at org.testng.internal.invokers.TestInvoker.invokeTestMethods(TestInvoker.java:203)
at org.testng.internal.invokers.TestMethodWorker.invokeTestMethods(TestMethodWorker.java:154)
at org.testng.internal.invokers.TestMethodWorker.run(TestMethodWorker.java:134)
at java.base/java.util.concurrent.Executors$RunnableAdapter.call(Executors.java:572)
at java.base/java.util.concurrent.FutureTask.run(FutureTask.java:317)
at org.testng.internal.thread.graph.TestNGFutureTask.run(TestNGFutureTask.java:22)
at java.base/java.util.concurrent.ThreadPoolExecutor.runWorker(ThreadPoolExecutor.java:1144)
at java.base/java.util.concurrent.ThreadPoolExecutor$Worker.run(ThreadPoolExecutor.java:642)
at java.base/java.lang.Thread.run(Thread.java:1583)
]]>
    </error>
  </testcase> <!-- invalidpassword -->
</testsuite> <!-- com.TestNG.Selenium.DemoBlaze -->
