<?xml version="1.0" encoding="UTF-8"?>
<!-- Generated by org.testng.reporters.JUnitReportReporter -->
<testsuite hostname="LAPTOP-KTHHIK5G" failures="0" tests="3" name="com.TestNG.Selenium.DataProviderDemo3" time="10.951" errors="0" timestamp="2026-04-20T15:27:23 IST" skipped="0">
  <testcase classname="com.TestNG.Selenium.DataProviderDemo3" name="search" time="4.240"/>
  <testcase classname="com.TestNG.Selenium.DataProviderDemo3" name="search" time="3.670"/>
  <testcase classname="com.TestNG.Selenium.DataProviderDemo3" name="search" time="3.041"/>
</testsuite> <!-- com.TestNG.Selenium.DataProviderDemo3 -->
