<?xml version="1.0" encoding="UTF-8"?>
<!-- Generated by org.testng.reporters.JUnitReportReporter -->
<testsuite hostname="LAPTOP-KTHHIK5G" failures="0" tests="5" name="com.TestNG.Selenium.GroupsExample" time="0.022" errors="0" timestamp="2026-04-17T12:38:20 IST" skipped="0">
  <testcase classname="com.TestNG.Selenium.GroupsExample" name="dependsOnGroupA" time="0.001"/>
  <testcase classname="com.TestNG.Selenium.GroupsExample" name="testMethod1ForGroupB" time="0.002"/>
  <testcase classname="com.TestNG.Selenium.GroupsExample" name="testMethod2ForGroupA" time="0.002"/>
  <testcase classname="com.TestNG.Selenium.GroupsExample" name="testMethod2ForGroupB" time="0.002"/>
  <testcase classname="com.TestNG.Selenium.GroupsExample" name="testMethod1ForGroupA" time="0.015"/>
</testsuite> <!-- com.TestNG.Selenium.GroupsExample -->
