<?xml version="1.0" encoding="UTF-8"?>
<!-- Generated by org.testng.reporters.JUnitXMLReporter -->
<testsuite ignored="0" hostname="LAPTOP-KTHHIK5G" failures="0" tests="3" name="InvalidUser" time="0.028" errors="0" timestamp="2026-04-20T14:11:54 IST">
  <testcase classname="com.TestNG.Selenium.TestNGParameter" name="ValidLogin" time="0.0">
    <skipped/>
  </testcase> <!-- ValidLogin -->
  <testcase classname="com.TestNG.Selenium.TestNGParameter" name="InvalidUser" time="0.0">
    <skipped/>
  </testcase> <!-- InvalidUser -->
  <testcase classname="com.TestNG.Selenium.TestNGParameter" name="InvalidPassword" time="0.0">
    <skipped/>
  </testcase> <!-- InvalidPassword -->
</testsuite> <!-- InvalidUser -->
